{"/Users/dmitrijafanasenko/Desktop/regex-username/src/js/validator.js": {"path":"/Users/dmitrijafanasenko/Desktop/regex-username/src/js/validator.js","statementMap":{"0":{"start":{"line":3,"column":22},"end":{"line":3,"column":66}},"1":{"start":{"line":4,"column":22},"end":{"line":4,"column":44}},"2":{"start":{"line":5,"column":4},"end":{"line":5,"column":35}}},"fnMap":{"0":{"name":"(anonymous_0)","decl":{"start":{"line":2,"column":2},"end":{"line":2,"column":3}},"loc":{"start":{"line":2,"column":36},"end":{"line":6,"column":3}},"line":2}},"branchMap":{"0":{"loc":{"start":{"line":5,"column":11},"end":{"line":5,"column":34}},"type":"binary-expr","locations":[{"start":{"line":5,"column":11},"end":{"line":5,"column":20}},{"start":{"line":5,"column":24},"end":{"line":5,"column":34}}],"line":5}},"s":{"0":11,"1":11,"2":11},"f":{"0":11},"b":{"0":[11,4]},"_coverageSchema":"1a1c01bbd47fc00a2c39e90264f33305004495a9","hash":"ee776cbf62b31dd0e5f134f1857ffb8f53d1df55"}
}
